<?xml version="1.0" encoding="UTF-8"?>
<testsuite xmlns:xsi="http://www.w3.org/2001/XMLSchema-instance" xsi:noNamespaceSchemaLocation="https://maven.apache.org/surefire/maven-surefire-plugin/xsd/surefire-test-report-3.0.xsd" version="3.0" name="com.casos.BarcaTest" time="0.501" tests="23" errors="0" skipped="0" failures="0">
  <properties>
    <property name="java.specification.version" value="17"/>
    <property name="sun.jnu.encoding" value="UTF-8"/>
    <property name="java.class.path" value="/home/pole/pucrs/fds/Casos_Teste/target/test-classes:/home/pole/pucrs/fds/Casos_Teste/target/classes:/home/pole/.m2/repository/org/junit/jupiter/junit-jupiter-api/5.6.2/junit-jupiter-api-5.6.2.jar:/home/pole/.m2/repository/org/apiguardian/apiguardian-api/1.1.0/apiguardian-api-1.1.0.jar:/home/pole/.m2/repository/org/opentest4j/opentest4j/1.2.0/opentest4j-1.2.0.jar:/home/pole/.m2/repository/org/junit/platform/junit-platform-commons/1.6.2/junit-platform-commons-1.6.2.jar:/home/pole/.m2/repository/org/junit/jupiter/junit-jupiter-engine/5.6.2/junit-jupiter-engine-5.6.2.jar:/home/pole/.m2/repository/org/junit/platform/junit-platform-engine/1.6.2/junit-platform-engine-1.6.2.jar:/home/pole/.m2/repository/org/junit/jupiter/junit-jupiter-params/5.6.2/junit-jupiter-params-5.6.2.jar:/home/pole/.m2/repository/org/mockito/mockito-core/3.5.13/mockito-core-3.5.13.jar:/home/pole/.m2/repository/net/bytebuddy/byte-buddy/1.10.15/byte-buddy-1.10.15.jar:/home/pole/.m2/repository/net/bytebuddy/byte-buddy-agent/1.10.15/byte-buddy-agent-1.10.15.jar:/home/pole/.m2/repository/org/objenesis/objenesis/3.1/objenesis-3.1.jar:"/>
    <property name="java.vm.vendor" value="Oracle Corporation"/>
    <property name="sun.arch.data.model" value="64"/>
    <property name="java.vendor.url" value="https://java.oracle.com/"/>
    <property name="os.name" value="Linux"/>
    <property name="java.vm.specification.version" value="17"/>
    <property name="sun.java.launcher" value="SUN_STANDARD"/>
    <property name="user.country" value="BR"/>
    <property name="sun.boot.library.path" value="/usr/lib/jvm/java-17-oracle/lib"/>
    <property name="sun.java.command" value="/home/pole/pucrs/fds/Casos_Teste/target/surefire/surefirebooter8118545387729920364.jar /home/pole/pucrs/fds/Casos_Teste/target/surefire 2023-09-28T22-23-57_342-jvmRun1 surefire16759900075511424065tmp surefire_05016242648871451508tmp"/>
    <property name="jdk.debug" value="release"/>
    <property name="surefire.test.class.path" value="/home/pole/pucrs/fds/Casos_Teste/target/test-classes:/home/pole/pucrs/fds/Casos_Teste/target/classes:/home/pole/.m2/repository/org/junit/jupiter/junit-jupiter-api/5.6.2/junit-jupiter-api-5.6.2.jar:/home/pole/.m2/repository/org/apiguardian/apiguardian-api/1.1.0/apiguardian-api-1.1.0.jar:/home/pole/.m2/repository/org/opentest4j/opentest4j/1.2.0/opentest4j-1.2.0.jar:/home/pole/.m2/repository/org/junit/platform/junit-platform-commons/1.6.2/junit-platform-commons-1.6.2.jar:/home/pole/.m2/repository/org/junit/jupiter/junit-jupiter-engine/5.6.2/junit-jupiter-engine-5.6.2.jar:/home/pole/.m2/repository/org/junit/platform/junit-platform-engine/1.6.2/junit-platform-engine-1.6.2.jar:/home/pole/.m2/repository/org/junit/jupiter/junit-jupiter-params/5.6.2/junit-jupiter-params-5.6.2.jar:/home/pole/.m2/repository/org/mockito/mockito-core/3.5.13/mockito-core-3.5.13.jar:/home/pole/.m2/repository/net/bytebuddy/byte-buddy/1.10.15/byte-buddy-1.10.15.jar:/home/pole/.m2/repository/net/bytebuddy/byte-buddy-agent/1.10.15/byte-buddy-agent-1.10.15.jar:/home/pole/.m2/repository/org/objenesis/objenesis/3.1/objenesis-3.1.jar:"/>
    <property name="sun.cpu.endian" value="little"/>
    <property name="user.home" value="/home/pole"/>
    <property name="user.language" value="pt"/>
    <property name="java.specification.vendor" value="Oracle Corporation"/>
    <property name="java.version.date" value="2023-01-17"/>
    <property name="java.home" value="/usr/lib/jvm/java-17-oracle"/>
    <property name="file.separator" value="/"/>
    <property name="basedir" value="/home/pole/pucrs/fds/Casos_Teste"/>
    <property name="java.vm.compressedOopsMode" value="Zero based"/>
    <property name="line.separator" value="&#10;"/>
    <property name="java.vm.specification.vendor" value="Oracle Corporation"/>
    <property name="java.specification.name" value="Java Platform API Specification"/>
    <property name="surefire.real.class.path" value="/home/pole/pucrs/fds/Casos_Teste/target/surefire/surefirebooter8118545387729920364.jar"/>
    <property name="sun.management.compiler" value="HotSpot 64-Bit Tiered Compilers"/>
    <property name="java.runtime.version" value="17.0.6+9-LTS-190"/>
    <property name="user.name" value="pole"/>
    <property name="path.separator" value=":"/>
    <property name="os.version" value="6.4.6-76060406-generic"/>
    <property name="java.runtime.name" value="Java(TM) SE Runtime Environment"/>
    <property name="file.encoding" value="UTF-8"/>
    <property name="java.vm.name" value="Java HotSpot(TM) 64-Bit Server VM"/>
    <property name="localRepository" value="/home/pole/.m2/repository"/>
    <property name="java.vendor.url.bug" value="https://bugreport.java.com/bugreport/"/>
    <property name="java.io.tmpdir" value="/tmp"/>
    <property name="java.version" value="17.0.6"/>
    <property name="user.dir" value="/home/pole/pucrs/fds/Casos_Teste"/>
    <property name="os.arch" value="amd64"/>
    <property name="java.vm.specification.name" value="Java Virtual Machine Specification"/>
    <property name="native.encoding" value="UTF-8"/>
    <property name="java.library.path" value="/usr/lib/libreoffice/program/libreglo.so:/usr/lib/libreoffice/program/libreglo.so:/usr/lib/x86_64-linux-gnu/:/usr/java/packages/lib:/usr/lib64:/lib64:/lib:/usr/lib"/>
    <property name="java.vm.info" value="mixed mode, sharing"/>
    <property name="java.vendor" value="Oracle Corporation"/>
    <property name="java.vm.version" value="17.0.6+9-LTS-190"/>
    <property name="sun.io.unicode.encoding" value="UnicodeLittle"/>
    <property name="java.class.version" value="61.0"/>
  </properties>
  <testcase name="entradasInvalidas(String, int)[1]" classname="com.casos.BarcaTest" time="0.154"/>
  <testcase name="entradasInvalidas(String, int)[2]" classname="com.casos.BarcaTest" time="0.004"/>
  <testcase name="entradasInvalidas(String, int)[3]" classname="com.casos.BarcaTest" time="0.004"/>
  <testcase name="todosDemais(String, int)[1]" classname="com.casos.BarcaTest" time="0.005"/>
  <testcase name="todosDemais(String, int)[2]" classname="com.casos.BarcaTest" time="0.002"/>
  <testcase name="limitesEntradaInvalida(int, String, int)[1]" classname="com.casos.BarcaTest" time="0.004"/>
  <testcase name="limitesEntradaInvalida(int, String, int)[2]" classname="com.casos.BarcaTest" time="0.003"/>
  <testcase name="limitesEntradaInvalida(int, String, int)[3]" classname="com.casos.BarcaTest" time="0.004"/>
  <testcase name="limitesEntradaInvalida(int, String, int)[4]" classname="com.casos.BarcaTest" time="0.003"/>
  <testcase name="limiteNfileira(int, String, int)[1]" classname="com.casos.BarcaTest" time="0.002"/>
  <testcase name="limiteNfileira(int, String, int)[2]" classname="com.casos.BarcaTest" time="0.004"/>
  <testcase name="limiteNfileira(int, String, int)[3]" classname="com.casos.BarcaTest" time="0.002"/>
  <testcase name="limiteNfileira(int, String, int)[4]" classname="com.casos.BarcaTest" time="0.004"/>
  <testcase name="limiteNpassageiros(int, String, int)[1]" classname="com.casos.BarcaTest" time="0.003"/>
  <testcase name="limiteNpassageiros(int, String, int)[2]" classname="com.casos.BarcaTest" time="0.002"/>
  <testcase name="limiteNpassageiros(int, String, int)[3]" classname="com.casos.BarcaTest" time="0.006"/>
  <testcase name="limiteNpassageiros(int, String, int)[4]" classname="com.casos.BarcaTest" time="0.002"/>
  <testcase name="primeiros100(String, int)[1]" classname="com.casos.BarcaTest" time="0.002"/>
  <testcase name="primeiros100(String, int)[2]" classname="com.casos.BarcaTest" time="0.003"/>
  <testcase name="primeiros100(String, int)[3]" classname="com.casos.BarcaTest" time="0.002"/>
  <testcase name="primeiros200(String, int)[1]" classname="com.casos.BarcaTest" time="0.003"/>
  <testcase name="primeiros200(String, int)[2]" classname="com.casos.BarcaTest" time="0.002"/>
  <testcase name="primeiros200(String, int)[3]" classname="com.casos.BarcaTest" time="0.003"/>
</testsuite>